<?xml version="1.0" encoding="UTF-8"?>
<!-- Generated by org.testng.reporters.JUnitReportReporter -->
<testsuite hostname="LAPTOP-SP6TLELR" failures="0" tests="2" name="trainingsessions.sellysession.NewTestNG" time="0.009" errors="0" timestamp="2024-04-13T11:04:07 EDT" skipped="0">
  <testcase classname="trainingsessions.sellysession.NewTestNG" name="f" time="0.007"/>
  <testcase classname="trainingsessions.sellysession.NewTestNG" name="testsecond" time="0.002"/>
</testsuite> <!-- trainingsessions.sellysession.NewTestNG -->
